# JRE version: OpenJDK Runtime Environment Temurin-25+36 (25.0+36) (build 25+36-LTS)
# Java VM: OpenJDK 64-Bit Server VM Temurin-25+36 (25+36-LTS, mixed mode, sharing, tiered, compressed oops, compressed class ptrs, g1 gc, windows-amd64)
GC Precious Log:
 CardTable entry size: 512
 Card Set container configuration: InlinePtr #cards 5 size 8 Array Of Cards #cards 10 size 36 Howl #buckets 4 coarsen threshold 1843 Howl Bitmap #cards 512 size 80 coarsen threshold 460 Card regions per heap region 1 cards per card region 2048
 CPUs: 12 total, 12 available
 Memory: 7863M
 Large Page Support: Disabled
 NUMA Support: Disabled
 Compressed Oops: Enabled (32-bit)
 Heap Region Size: 1M
 Heap Min Capacity: 8M
 Heap Initial Capacity: 124M
 Heap Max Capacity: 2G
 Pre-touch: Disabled
 Parallel Workers: 10
 Concurrent Workers: 3
 Concurrent Refinement Workers: 10
 Periodic GC: Disabled
Heap:
 garbage-first heap   total reserved 2097152K, committed 102400K, used 51354K [0x0000000080000000, 0x0000000100000000)
  region size 1024K, 14 young (14336K), 3 survivors (3072K)
GC Heap Usage History (20 events):
Event: 21.459 {heap Before GC invocations=5 (full 0):
 garbage-first heap   total reserved 2097152K, committed 89088K, used 86287K [0x0000000080000000, 0x0000000100000000)
  region size 1024K, 68 young (69632K), 7 survivors (7168K)
}
Event: 21.473 {heap After GC invocations=6 (full 0):
 garbage-first heap   total reserved 2097152K, committed 101376K, used 29552K [0x0000000080000000, 0x0000000100000000)
  region size 1024K, 8 young (8192K), 8 survivors (8192K)
}
Event: 23.145 {heap Before GC invocations=6 (full 0):
 garbage-first heap   total reserved 2097152K, committed 101376K, used 75632K [0x0000000080000000, 0x0000000100000000)
  region size 1024K, 54 young (55296K), 8 survivors (8192K)
}
Event: 23.155 {heap After GC invocations=7 (full 0):
 garbage-first heap   total reserved 2097152K, committed 101376K, used 34838K [0x0000000080000000, 0x0000000100000000)
  region size 1024K, 6 young (6144K), 6 survivors (6144K)
}
Event: 23.246 {heap Before GC invocations=7 (full 0):
 garbage-first heap   total reserved 2097152K, committed 101376K, used 44054K [0x0000000080000000, 0x0000000100000000)
  region size 1024K, 16 young (16384K), 6 survivors (6144K)
}
Event: 23.252 {heap After GC invocations=8 (full 0):
 garbage-first heap   total reserved 2097152K, committed 101376K, used 34668K [0x0000000080000000, 0x0000000100000000)
  region size 1024K, 2 young (2048K), 2 survivors (2048K)
}
Event: 24.613 {heap Before GC invocations=9 (full 0):
 garbage-first heap   total reserved 2097152K, committed 101376K, used 87916K [0x0000000080000000, 0x0000000100000000)
  region size 1024K, 48 young (49152K), 2 survivors (2048K)
}
Event: 24.620 {heap After GC invocations=10 (full 0):
 garbage-first heap   total reserved 2097152K, committed 101376K, used 38645K [0x0000000080000000, 0x0000000100000000)
  region size 1024K, 6 young (6144K), 6 survivors (6144K)
}
Event: 25.892 {heap Before GC invocations=10 (full 0):
 garbage-first heap   total reserved 2097152K, committed 101376K, used 83701K [0x0000000080000000, 0x0000000100000000)
  region size 1024K, 50 young (51200K), 6 survivors (6144K)
}
Event: 25.897 {heap After GC invocations=11 (full 0):
 garbage-first heap   total reserved 2097152K, committed 101376K, used 39163K [0x0000000080000000, 0x0000000100000000)
  region size 1024K, 2 young (2048K), 2 survivors (2048K)
}
Event: 27.131 {heap Before GC invocations=11 (full 0):
 garbage-first heap   total reserved 2097152K, committed 101376K, used 87291K [0x0000000080000000, 0x0000000100000000)
  region size 1024K, 49 young (50176K), 2 survivors (2048K)
}
Event: 27.137 {heap After GC invocations=12 (full 0):
 garbage-first heap   total reserved 2097152K, committed 101376K, used 40271K [0x0000000080000000, 0x0000000100000000)
  region size 1024K, 3 young (3072K), 3 survivors (3072K)
}
Event: 29.448 {heap Before GC invocations=12 (full 0):
 garbage-first heap   total reserved 2097152K, committed 101376K, used 93519K [0x0000000080000000, 0x0000000100000000)
  region size 1024K, 49 young (50176K), 3 survivors (3072K)
}
Event: 29.456 {heap After GC invocations=13 (full 0):
 garbage-first heap   total reserved 2097152K, committed 101376K, used 41796K [0x0000000080000000, 0x0000000100000000)
  region size 1024K, 5 young (5120K), 5 survivors (5120K)
}
Event: 1064.770 {heap Before GC invocations=14 (full 0):
 garbage-first heap   total reserved 2097152K, committed 101376K, used 97092K [0x0000000080000000, 0x0000000100000000)
  region size 1024K, 52 young (53248K), 5 survivors (5120K)
}
Event: 1064.902 {heap After GC invocations=15 (full 0):
 garbage-first heap   total reserved 2097152K, committed 102400K, used 41771K [0x0000000080000000, 0x0000000100000000)
  region size 1024K, 3 young (3072K), 3 survivors (3072K)
}
Event: 3624.764 {heap Before GC invocations=15 (full 0):
 garbage-first heap   total reserved 2097152K, committed 102400K, used 92971K [0x0000000080000000, 0x0000000100000000)
  region size 1024K, 53 young (54272K), 3 survivors (3072K)
}
Event: 3624.825 {heap After GC invocations=16 (full 0):
 garbage-first heap   total reserved 2097152K, committed 102400K, used 41280K [0x0000000080000000, 0x0000000100000000)
  region size 1024K, 3 young (3072K), 3 survivors (3072K)
}
Event: 6301.250 {heap Before GC invocations=16 (full 0):
 garbage-first heap   total reserved 2097152K, committed 102400K, used 94528K [0x0000000080000000, 0x0000000100000000)
  region size 1024K, 55 young (56320K), 3 survivors (3072K)
}
Event: 6301.394 {heap After GC invocations=17 (full 0):
 garbage-first heap   total reserved 2097152K, committed 102400K, used 41114K [0x0000000080000000, 0x0000000100000000)
  region size 1024K, 3 young (3072K), 3 survivors (3072K)
}

