# JRE version: OpenJDK Runtime Environment Temurin-21.0.10+7 (21.0.10+7) (build 21.0.10+7-LTS)
# Java VM: OpenJDK 64-Bit Server VM Temurin-21.0.10+7 (21.0.10+7-LTS, mixed mode, sharing, tiered, compressed oops, compressed class ptrs, g1 gc, windows-amd64)
GC Precious Log:
 CardTable entry size: 512
 Card Set container configuration: InlinePtr #cards 5 size 8 Array Of Cards #cards 12 size 40 Howl #buckets 4 coarsen threshold 1843 Howl Bitmap #cards 512 size 80 coarsen threshold 460 Card regions per heap region 1 cards per card region 2048
 CPUs: 12 total, 12 available
 Memory: 7863M
 Large Page Support: Disabled
 NUMA Support: Disabled
 Compressed Oops: Enabled (32-bit)
 Heap Region Size: 1M
 Heap Min Capacity: 8M
 Heap Initial Capacity: 124M
 Heap Max Capacity: 1966M
 Pre-touch: Disabled
 Parallel Workers: 10
 Concurrent Workers: 3
 Concurrent Refinement Workers: 10
 Periodic GC: Disabled
Heap:
 garbage-first heap   total 106496K, used 63488K [0x0000000085200000, 0x0000000100000000)
  region size 1024K, 8 young (8192K), 5 survivors (5120K)
 Metaspace       used 49932K, committed 50752K, reserved 1114112K
  class space    used 6072K, committed 6464K, reserved 1048576K
GC Heap History (16 events):
Event: 2.973 GC heap before
{Heap before GC invocations=0 (full 0):
 garbage-first heap   total 126976K, used 26624K [0x0000000085200000, 0x0000000100000000)
  region size 1024K, 23 young (23552K), 0 survivors (0K)
 Metaspace       used 6988K, committed 7168K, reserved 1114112K
  class space    used 713K, committed 768K, reserved 1048576K
}
Event: 2.984 GC heap after
{Heap after GC invocations=1 (full 0):
 garbage-first heap   total 126976K, used 6144K [0x0000000085200000, 0x0000000100000000)
  region size 1024K, 3 young (3072K), 3 survivors (3072K)
 Metaspace       used 6988K, committed 7168K, reserved 1114112K
  class space    used 713K, committed 768K, reserved 1048576K
}
Event: 6.042 GC heap before
{Heap before GC invocations=1 (full 0):
 garbage-first heap   total 126976K, used 38912K [0x0000000085200000, 0x0000000100000000)
  region size 1024K, 35 young (35840K), 3 survivors (3072K)
 Metaspace       used 16582K, committed 16832K, reserved 1114112K
  class space    used 1874K, committed 1984K, reserved 1048576K
}
Event: 6.056 GC heap after
{Heap after GC invocations=2 (full 0):
 garbage-first heap   total 126976K, used 8049K [0x0000000085200000, 0x0000000100000000)
  region size 1024K, 2 young (2048K), 2 survivors (2048K)
 Metaspace       used 16582K, committed 16832K, reserved 1114112K
  class space    used 1874K, committed 1984K, reserved 1048576K
}
Event: 9.341 GC heap before
{Heap before GC invocations=2 (full 0):
 garbage-first heap   total 126976K, used 87921K [0x0000000085200000, 0x0000000100000000)
  region size 1024K, 69 young (70656K), 2 survivors (2048K)
 Metaspace       used 21266K, committed 21504K, reserved 1114112K
  class space    used 2716K, committed 2816K, reserved 1048576K
}
Event: 9.439 GC heap after
{Heap after GC invocations=3 (full 0):
 garbage-first heap   total 126976K, used 27648K [0x0000000085200000, 0x0000000100000000)
  region size 1024K, 10 young (10240K), 10 survivors (10240K)
 Metaspace       used 21266K, committed 21504K, reserved 1114112K
  class space    used 2716K, committed 2816K, reserved 1048576K
}
Event: 12.670 GC heap before
{Heap before GC invocations=4 (full 0):
 garbage-first heap   total 89088K, used 89088K [0x0000000085200000, 0x0000000100000000)
  region size 1024K, 60 young (61440K), 10 survivors (10240K)
 Metaspace       used 31168K, committed 31424K, reserved 1114112K
  class space    used 3931K, committed 4032K, reserved 1048576K
}
Event: 12.725 GC heap after
{Heap after GC invocations=5 (full 0):
 garbage-first heap   total 106496K, used 44544K [0x0000000085200000, 0x0000000100000000)
  region size 1024K, 7 young (7168K), 7 survivors (7168K)
 Metaspace       used 31168K, committed 31424K, reserved 1114112K
  class space    used 3931K, committed 4032K, reserved 1048576K
}
Event: 14.397 GC heap before
{Heap before GC invocations=5 (full 0):
 garbage-first heap   total 106496K, used 70144K [0x0000000085200000, 0x0000000100000000)
  region size 1024K, 33 young (33792K), 7 survivors (7168K)
 Metaspace       used 35152K, committed 35968K, reserved 1114112K
  class space    used 4449K, committed 4864K, reserved 1048576K
}
Event: 14.420 GC heap after
{Heap after GC invocations=6 (full 0):
 garbage-first heap   total 106496K, used 47104K [0x0000000085200000, 0x0000000100000000)
  region size 1024K, 3 young (3072K), 3 survivors (3072K)
 Metaspace       used 35152K, committed 35968K, reserved 1114112K
  class space    used 4449K, committed 4864K, reserved 1048576K
}
Event: 17.235 GC heap before
{Heap before GC invocations=7 (full 0):
 garbage-first heap   total 106496K, used 87040K [0x0000000085200000, 0x0000000100000000)
  region size 1024K, 42 young (43008K), 3 survivors (3072K)
 Metaspace       used 41165K, committed 41984K, reserved 1114112K
  class space    used 5133K, committed 5504K, reserved 1048576K
}
Event: 17.261 GC heap after
{Heap after GC invocations=8 (full 0):
 garbage-first heap   total 106496K, used 53248K [0x0000000085200000, 0x0000000100000000)
  region size 1024K, 6 young (6144K), 6 survivors (6144K)
 Metaspace       used 41165K, committed 41984K, reserved 1114112K
  class space    used 5133K, committed 5504K, reserved 1048576K
}
Event: 19.022 GC heap before
{Heap before GC invocations=8 (full 0):
 garbage-first heap   total 106496K, used 89088K [0x0000000085200000, 0x0000000100000000)
  region size 1024K, 41 young (41984K), 6 survivors (6144K)
 Metaspace       used 45790K, committed 46656K, reserved 1114112K
  class space    used 5688K, committed 6080K, reserved 1048576K
}
Event: 19.054 GC heap after
{Heap after GC invocations=9 (full 0):
 garbage-first heap   total 106496K, used 54784K [0x0000000085200000, 0x0000000100000000)
  region size 1024K, 3 young (3072K), 3 survivors (3072K)
 Metaspace       used 45790K, committed 46656K, reserved 1114112K
  class space    used 5688K, committed 6080K, reserved 1048576K
}
Event: 23.195 GC heap before
{Heap before GC invocations=9 (full 0):
 garbage-first heap   total 106496K, used 90624K [0x0000000085200000, 0x0000000100000000)
  region size 1024K, 38 young (38912K), 3 survivors (3072K)
 Metaspace       used 49707K, committed 50560K, reserved 1114112K
  class space    used 6065K, committed 6464K, reserved 1048576K
}
Event: 23.224 GC heap after
{Heap after GC invocations=10 (full 0):
 garbage-first heap   total 106496K, used 61440K [0x0000000085200000, 0x0000000100000000)
  region size 1024K, 5 young (5120K), 5 survivors (5120K)
 Metaspace       used 49707K, committed 50560K, reserved 1114112K
  class space    used 6065K, committed 6464K, reserved 1048576K
}

