# JRE version: OpenJDK Runtime Environment Temurin-21.0.10+7 (21.0.10+7) (build 21.0.10+7-LTS)
# Java VM: OpenJDK 64-Bit Server VM Temurin-21.0.10+7 (21.0.10+7-LTS, mixed mode, sharing, tiered, compressed oops, compressed class ptrs, g1 gc, windows-amd64)
GC Precious Log:
 CardTable entry size: 512
 Card Set container configuration: InlinePtr #cards 5 size 8 Array Of Cards #cards 12 size 40 Howl #buckets 4 coarsen threshold 1843 Howl Bitmap #cards 512 size 80 coarsen threshold 460 Card regions per heap region 1 cards per card region 2048
 CPUs: 12 total, 12 available
 Memory: 7863M
 Large Page Support: Disabled
 NUMA Support: Disabled
 Compressed Oops: Enabled (32-bit)
 Heap Region Size: 1M
 Heap Min Capacity: 8M
 Heap Initial Capacity: 124M
 Heap Max Capacity: 2G
 Pre-touch: Disabled
 Parallel Workers: 10
 Concurrent Workers: 3
 Concurrent Refinement Workers: 10
 Periodic GC: Disabled
Heap:
 garbage-first heap   total 312320K, used 249364K [0x0000000080000000, 0x0000000100000000)
  region size 1024K, 68 young (69632K), 6 survivors (6144K)
 Metaspace       used 132040K, committed 134784K, reserved 983040K
  class space    used 18250K, committed 19584K, reserved 851968K
GC Heap History (20 events):
Event: 164.031 GC heap before
{Heap before GC invocations=49 (full 0):
 garbage-first heap   total 232448K, used 196368K [0x0000000080000000, 0x0000000100000000)
  region size 1024K, 63 young (64512K), 7 survivors (7168K)
 Metaspace       used 107570K, committed 110080K, reserved 983040K
  class space    used 15348K, committed 16576K, reserved 851968K
}
Event: 164.038 GC heap after
{Heap after GC invocations=50 (full 0):
 garbage-first heap   total 232448K, used 141956K [0x0000000080000000, 0x0000000100000000)
  region size 1024K, 4 young (4096K), 4 survivors (4096K)
 Metaspace       used 107570K, committed 110080K, reserved 983040K
  class space    used 15348K, committed 16576K, reserved 851968K
}
Event: 179.613 GC heap before
{Heap before GC invocations=50 (full 0):
 garbage-first heap   total 232448K, used 219780K [0x0000000080000000, 0x0000000100000000)
  region size 1024K, 77 young (78848K), 4 survivors (4096K)
 Metaspace       used 107712K, committed 110272K, reserved 983040K
  class space    used 15361K, committed 16576K, reserved 851968K
}
Event: 179.626 GC heap after
{Heap after GC invocations=51 (full 0):
 garbage-first heap   total 232448K, used 147403K [0x0000000080000000, 0x0000000100000000)
  region size 1024K, 8 young (8192K), 8 survivors (8192K)
 Metaspace       used 107712K, committed 110272K, reserved 983040K
  class space    used 15361K, committed 16576K, reserved 851968K
}
Event: 185.215 GC heap before
{Heap before GC invocations=51 (full 0):
 garbage-first heap   total 232448K, used 219083K [0x0000000080000000, 0x0000000100000000)
  region size 1024K, 74 young (75776K), 8 survivors (8192K)
 Metaspace       used 111369K, committed 113920K, reserved 983040K
  class space    used 15711K, committed 16960K, reserved 851968K
}
Event: 185.239 GC heap after
{Heap after GC invocations=52 (full 0):
 garbage-first heap   total 238592K, used 153680K [0x0000000080000000, 0x0000000100000000)
  region size 1024K, 8 young (8192K), 8 survivors (8192K)
 Metaspace       used 111369K, committed 113920K, reserved 983040K
  class space    used 15711K, committed 16960K, reserved 851968K
}
Event: 186.542 GC heap before
{Heap before GC invocations=52 (full 0):
 garbage-first heap   total 238592K, used 175184K [0x0000000080000000, 0x0000000100000000)
  region size 1024K, 30 young (30720K), 8 survivors (8192K)
 Metaspace       used 111964K, committed 114496K, reserved 983040K
  class space    used 15794K, committed 17024K, reserved 851968K
}
Event: 186.572 GC heap after
{Heap after GC invocations=53 (full 0):
 garbage-first heap   total 238592K, used 156609K [0x0000000080000000, 0x0000000100000000)
  region size 1024K, 4 young (4096K), 4 survivors (4096K)
 Metaspace       used 111964K, committed 114496K, reserved 983040K
  class space    used 15794K, committed 17024K, reserved 851968K
}
Event: 189.650 GC heap before
{Heap before GC invocations=54 (full 0):
 garbage-first heap   total 265216K, used 219073K [0x0000000080000000, 0x0000000100000000)
  region size 1024K, 65 young (66560K), 4 survivors (4096K)
 Metaspace       used 114863K, committed 117376K, reserved 983040K
  class space    used 16179K, committed 17408K, reserved 851968K
}
Event: 189.659 GC heap after
{Heap after GC invocations=55 (full 0):
 garbage-first heap   total 265216K, used 160933K [0x0000000080000000, 0x0000000100000000)
  region size 1024K, 7 young (7168K), 7 survivors (7168K)
 Metaspace       used 114863K, committed 117376K, reserved 983040K
  class space    used 16179K, committed 17408K, reserved 851968K
}
Event: 192.645 GC heap before
{Heap before GC invocations=55 (full 0):
 garbage-first heap   total 265216K, used 243877K [0x0000000080000000, 0x0000000100000000)
  region size 1024K, 88 young (90112K), 7 survivors (7168K)
 Metaspace       used 119548K, committed 122112K, reserved 983040K
  class space    used 16809K, committed 18048K, reserved 851968K
}
Event: 192.658 GC heap after
{Heap after GC invocations=56 (full 0):
 garbage-first heap   total 265216K, used 165975K [0x0000000080000000, 0x0000000100000000)
  region size 1024K, 11 young (11264K), 11 survivors (11264K)
 Metaspace       used 119548K, committed 122112K, reserved 983040K
  class space    used 16809K, committed 18048K, reserved 851968K
}
Event: 195.583 GC heap before
{Heap before GC invocations=56 (full 0):
 garbage-first heap   total 265216K, used 243799K [0x0000000080000000, 0x0000000100000000)
  region size 1024K, 87 young (89088K), 11 survivors (11264K)
 Metaspace       used 121345K, committed 123904K, reserved 983040K
  class space    used 17058K, committed 18304K, reserved 851968K
}
Event: 195.613 GC heap after
{Heap after GC invocations=57 (full 0):
 garbage-first heap   total 267264K, used 178176K [0x0000000080000000, 0x0000000100000000)
  region size 1024K, 11 young (11264K), 11 survivors (11264K)
 Metaspace       used 121345K, committed 123904K, reserved 983040K
  class space    used 17058K, committed 18304K, reserved 851968K
}
Event: 213.982 GC heap before
{Heap before GC invocations=58 (full 0):
 garbage-first heap   total 296960K, used 244736K [0x0000000080000000, 0x0000000100000000)
  region size 1024K, 77 young (78848K), 11 survivors (11264K)
 Metaspace       used 127062K, committed 129664K, reserved 983040K
  class space    used 17612K, committed 18880K, reserved 851968K
}
Event: 214.014 GC heap after
{Heap after GC invocations=59 (full 0):
 garbage-first heap   total 296960K, used 183708K [0x0000000080000000, 0x0000000100000000)
  region size 1024K, 5 young (5120K), 5 survivors (5120K)
 Metaspace       used 127062K, committed 129664K, reserved 983040K
  class space    used 17612K, committed 18880K, reserved 851968K
}
Event: 282.450 GC heap before
{Heap before GC invocations=59 (full 0):
 garbage-first heap   total 296960K, used 271772K [0x0000000080000000, 0x0000000100000000)
  region size 1024K, 92 young (94208K), 5 survivors (5120K)
 Metaspace       used 130105K, committed 132736K, reserved 983040K
  class space    used 17973K, committed 19264K, reserved 851968K
}
Event: 282.967 GC heap after
{Heap after GC invocations=60 (full 0):
 garbage-first heap   total 296960K, used 188774K [0x0000000080000000, 0x0000000100000000)
  region size 1024K, 10 young (10240K), 10 survivors (10240K)
 Metaspace       used 130105K, committed 132736K, reserved 983040K
  class space    used 17973K, committed 19264K, reserved 851968K
}
Event: 368.852 GC heap before
{Heap before GC invocations=60 (full 0):
 garbage-first heap   total 296960K, used 273766K [0x0000000080000000, 0x0000000100000000)
  region size 1024K, 93 young (95232K), 10 survivors (10240K)
 Metaspace       used 131814K, committed 134592K, reserved 983040K
  class space    used 18240K, committed 19584K, reserved 851968K
}
Event: 369.475 GC heap after
{Heap after GC invocations=61 (full 0):
 garbage-first heap   total 296960K, used 186900K [0x0000000080000000, 0x0000000100000000)
  region size 1024K, 6 young (6144K), 6 survivors (6144K)
 Metaspace       used 131814K, committed 134592K, reserved 983040K
  class space    used 18240K, committed 19584K, reserved 851968K
}

