# JRE version: OpenJDK Runtime Environment Temurin-21.0.10+7 (21.0.10+7) (build 21.0.10+7-LTS)
# Java VM: OpenJDK 64-Bit Server VM Temurin-21.0.10+7 (21.0.10+7-LTS, mixed mode, sharing, tiered, compressed oops, compressed class ptrs, parallel gc, windows-amd64)
GC Precious Log:
 CardTable entry size: 512
 CPUs: 12 total, 12 available
 Memory: 7863M
 Large Page Support: Disabled
 NUMA Support: Disabled
 Compressed Oops: Enabled (32-bit)
 Alignments: Space 512K, Generation 512K, Heap 2M
 Heap Min Capacity: 100M
 Heap Initial Capacity: 100M
 Heap Max Capacity: 2G
 Pre-touch: Disabled
 Parallel Workers: 10
Heap:
 PSYoungGen      total 20992K, used 3532K [0x00000000d5580000, 0x00000000d7300000, 0x0000000100000000)
  eden space 20480K, 14% used [0x00000000d5580000,0x00000000d58783d0,0x00000000d6980000)
  from space 512K, 96% used [0x00000000d7280000,0x00000000d72fb010,0x00000000d7300000)
  to   space 1536K, 0% used [0x00000000d7000000,0x00000000d7000000,0x00000000d7180000)
 ParOldGen       total 68608K, used 44311K [0x0000000080000000, 0x0000000084300000, 0x00000000d5580000)
  object space 68608K, 64% used [0x0000000080000000,0x0000000082b45cf8,0x0000000084300000)
 Metaspace       used 64246K, committed 65536K, reserved 1114112K
  class space    used 8033K, committed 8576K, reserved 1048576K
GC Heap History (20 events):
Event: 103.694 GC heap before
{Heap before GC invocations=29 (full 2):
 PSYoungGen      total 21504K, used 21120K [0x00000000d5580000, 0x00000000d7480000, 0x0000000100000000)
  eden space 20480K, 100% used [0x00000000d5580000,0x00000000d6980000,0x00000000d6980000)
  from space 1024K, 62% used [0x00000000d7380000,0x00000000d7420000,0x00000000d7480000)
  to   space 1024K, 0% used [0x00000000d7280000,0x00000000d7280000,0x00000000d7380000)
 ParOldGen       total 68608K, used 40372K [0x0000000080000000, 0x0000000084300000, 0x00000000d5580000)
  object space 68608K, 58% used [0x0000000080000000,0x000000008276d3f0,0x0000000084300000)
 Metaspace       used 54702K, committed 55808K, reserved 1114112K
  class space    used 6273K, committed 6720K, reserved 1048576K
}
Event: 103.698 GC heap after
{Heap after GC invocations=29 (full 2):
 PSYoungGen      total 21504K, used 1010K [0x00000000d5580000, 0x00000000d7480000, 0x0000000100000000)
  eden space 20480K, 0% used [0x00000000d5580000,0x00000000d5580000,0x00000000d6980000)
  from space 1024K, 98% used [0x00000000d7280000,0x00000000d737cb50,0x00000000d7380000)
  to   space 1024K, 0% used [0x00000000d7380000,0x00000000d7380000,0x00000000d7480000)
 ParOldGen       total 68608K, used 43894K [0x0000000080000000, 0x0000000084300000, 0x00000000d5580000)
  object space 68608K, 63% used [0x0000000080000000,0x0000000082add8c0,0x0000000084300000)
 Metaspace       used 54702K, committed 55808K, reserved 1114112K
  class space    used 6273K, committed 6720K, reserved 1048576K
}
Event: 104.293 GC heap before
{Heap before GC invocations=30 (full 2):
 PSYoungGen      total 21504K, used 21490K [0x00000000d5580000, 0x00000000d7480000, 0x0000000100000000)
  eden space 20480K, 100% used [0x00000000d5580000,0x00000000d6980000,0x00000000d6980000)
  from space 1024K, 98% used [0x00000000d7280000,0x00000000d737cb50,0x00000000d7380000)
  to   space 1024K, 0% used [0x00000000d7380000,0x00000000d7380000,0x00000000d7480000)
 ParOldGen       total 68608K, used 43894K [0x0000000080000000, 0x0000000084300000, 0x00000000d5580000)
  object space 68608K, 63% used [0x0000000080000000,0x0000000082add8c0,0x0000000084300000)
 Metaspace       used 56441K, committed 57600K, reserved 1114112K
  class space    used 6592K, committed 7104K, reserved 1048576K
}
Event: 104.295 GC heap after
{Heap after GC invocations=30 (full 2):
 PSYoungGen      total 21504K, used 944K [0x00000000d5580000, 0x00000000d7480000, 0x0000000100000000)
  eden space 20480K, 0% used [0x00000000d5580000,0x00000000d5580000,0x00000000d6980000)
  from space 1024K, 92% used [0x00000000d7380000,0x00000000d746c010,0x00000000d7480000)
  to   space 2560K, 0% used [0x00000000d6f80000,0x00000000d6f80000,0x00000000d7200000)
 ParOldGen       total 68608K, used 44924K [0x0000000080000000, 0x0000000084300000, 0x00000000d5580000)
  object space 68608K, 65% used [0x0000000080000000,0x0000000082bdf2e8,0x0000000084300000)
 Metaspace       used 56441K, committed 57600K, reserved 1114112K
  class space    used 6592K, committed 7104K, reserved 1048576K
}
Event: 105.550 GC heap before
{Heap before GC invocations=31 (full 2):
 PSYoungGen      total 21504K, used 21424K [0x00000000d5580000, 0x00000000d7480000, 0x0000000100000000)
  eden space 20480K, 100% used [0x00000000d5580000,0x00000000d6980000,0x00000000d6980000)
  from space 1024K, 92% used [0x00000000d7380000,0x00000000d746c010,0x00000000d7480000)
  to   space 2560K, 0% used [0x00000000d6f80000,0x00000000d6f80000,0x00000000d7200000)
 ParOldGen       total 68608K, used 44924K [0x0000000080000000, 0x0000000084300000, 0x00000000d5580000)
  object space 68608K, 65% used [0x0000000080000000,0x0000000082bdf2e8,0x0000000084300000)
 Metaspace       used 58454K, committed 59776K, reserved 1114112K
  class space    used 6896K, committed 7488K, reserved 1048576K
}
Event: 105.554 GC heap after
{Heap after GC invocations=31 (full 2):
 PSYoungGen      total 23040K, used 672K [0x00000000d5580000, 0x00000000d7400000, 0x0000000100000000)
  eden space 20480K, 0% used [0x00000000d5580000,0x00000000d5580000,0x00000000d6980000)
  from space 2560K, 26% used [0x00000000d6f80000,0x00000000d7028010,0x00000000d7200000)
  to   space 1024K, 0% used [0x00000000d7300000,0x00000000d7300000,0x00000000d7400000)
 ParOldGen       total 68608K, used 45769K [0x0000000080000000, 0x0000000084300000, 0x00000000d5580000)
  object space 68608K, 66% used [0x0000000080000000,0x0000000082cb2670,0x0000000084300000)
 Metaspace       used 58454K, committed 59776K, reserved 1114112K
  class space    used 6896K, committed 7488K, reserved 1048576K
}
Event: 105.816 GC heap before
{Heap before GC invocations=32 (full 2):
 PSYoungGen      total 23040K, used 8492K [0x00000000d5580000, 0x00000000d7400000, 0x0000000100000000)
  eden space 20480K, 38% used [0x00000000d5580000,0x00000000d5d230c0,0x00000000d6980000)
  from space 2560K, 26% used [0x00000000d6f80000,0x00000000d7028010,0x00000000d7200000)
  to   space 1024K, 0% used [0x00000000d7300000,0x00000000d7300000,0x00000000d7400000)
 ParOldGen       total 68608K, used 45769K [0x0000000080000000, 0x0000000084300000, 0x00000000d5580000)
  object space 68608K, 66% used [0x0000000080000000,0x0000000082cb2670,0x0000000084300000)
 Metaspace       used 59049K, committed 60288K, reserved 1114112K
  class space    used 6989K, committed 7552K, reserved 1048576K
}
Event: 105.820 GC heap after
{Heap after GC invocations=32 (full 2):
 PSYoungGen      total 21504K, used 517K [0x00000000d5580000, 0x00000000d7400000, 0x0000000100000000)
  eden space 20480K, 0% used [0x00000000d5580000,0x00000000d5580000,0x00000000d6980000)
  from space 1024K, 50% used [0x00000000d7300000,0x00000000d73815f0,0x00000000d7400000)
  to   space 1024K, 0% used [0x00000000d7200000,0x00000000d7200000,0x00000000d7300000)
 ParOldGen       total 68608K, used 46349K [0x0000000080000000, 0x0000000084300000, 0x00000000d5580000)
  object space 68608K, 67% used [0x0000000080000000,0x0000000082d43690,0x0000000084300000)
 Metaspace       used 59049K, committed 60288K, reserved 1114112K
  class space    used 6989K, committed 7552K, reserved 1048576K
}
Event: 105.820 GC heap before
{Heap before GC invocations=33 (full 3):
 PSYoungGen      total 21504K, used 517K [0x00000000d5580000, 0x00000000d7400000, 0x0000000100000000)
  eden space 20480K, 0% used [0x00000000d5580000,0x00000000d5580000,0x00000000d6980000)
  from space 1024K, 50% used [0x00000000d7300000,0x00000000d73815f0,0x00000000d7400000)
  to   space 1024K, 0% used [0x00000000d7200000,0x00000000d7200000,0x00000000d7300000)
 ParOldGen       total 68608K, used 46349K [0x0000000080000000, 0x0000000084300000, 0x00000000d5580000)
  object space 68608K, 67% used [0x0000000080000000,0x0000000082d43690,0x0000000084300000)
 Metaspace       used 59049K, committed 60288K, reserved 1114112K
  class space    used 6989K, committed 7552K, reserved 1048576K
}
Event: 106.133 GC heap after
{Heap after GC invocations=33 (full 3):
 PSYoungGen      total 21504K, used 0K [0x00000000d5580000, 0x00000000d7400000, 0x0000000100000000)
  eden space 20480K, 0% used [0x00000000d5580000,0x00000000d5580000,0x00000000d6980000)
  from space 1024K, 0% used [0x00000000d7300000,0x00000000d7300000,0x00000000d7400000)
  to   space 1024K, 0% used [0x00000000d7200000,0x00000000d7200000,0x00000000d7300000)
 ParOldGen       total 68608K, used 40855K [0x0000000080000000, 0x0000000084300000, 0x00000000d5580000)
  object space 68608K, 59% used [0x0000000080000000,0x00000000827e5c48,0x0000000084300000)
 Metaspace       used 59049K, committed 60288K, reserved 1114112K
  class space    used 6989K, committed 7552K, reserved 1048576K
}
Event: 106.509 GC heap before
{Heap before GC invocations=34 (full 3):
 PSYoungGen      total 21504K, used 20480K [0x00000000d5580000, 0x00000000d7400000, 0x0000000100000000)
  eden space 20480K, 100% used [0x00000000d5580000,0x00000000d6980000,0x00000000d6980000)
  from space 1024K, 0% used [0x00000000d7300000,0x00000000d7300000,0x00000000d7400000)
  to   space 1024K, 0% used [0x00000000d7200000,0x00000000d7200000,0x00000000d7300000)
 ParOldGen       total 68608K, used 40855K [0x0000000080000000, 0x0000000084300000, 0x00000000d5580000)
  object space 68608K, 59% used [0x0000000080000000,0x00000000827e5c48,0x0000000084300000)
 Metaspace       used 60335K, committed 61696K, reserved 1114112K
  class space    used 7217K, committed 7808K, reserved 1048576K
}
Event: 106.512 GC heap after
{Heap after GC invocations=34 (full 3):
 PSYoungGen      total 21504K, used 1005K [0x00000000d5580000, 0x00000000d7380000, 0x0000000100000000)
  eden space 20480K, 0% used [0x00000000d5580000,0x00000000d5580000,0x00000000d6980000)
  from space 1024K, 98% used [0x00000000d7200000,0x00000000d72fb510,0x00000000d7300000)
  to   space 512K, 0% used [0x00000000d7300000,0x00000000d7300000,0x00000000d7380000)
 ParOldGen       total 68608K, used 41752K [0x0000000080000000, 0x0000000084300000, 0x00000000d5580000)
  object space 68608K, 60% used [0x0000000080000000,0x00000000828c6048,0x0000000084300000)
 Metaspace       used 60335K, committed 61696K, reserved 1114112K
  class space    used 7217K, committed 7808K, reserved 1048576K
}
Event: 106.852 GC heap before
{Heap before GC invocations=35 (full 3):
 PSYoungGen      total 21504K, used 21485K [0x00000000d5580000, 0x00000000d7380000, 0x0000000100000000)
  eden space 20480K, 100% used [0x00000000d5580000,0x00000000d6980000,0x00000000d6980000)
  from space 1024K, 98% used [0x00000000d7200000,0x00000000d72fb510,0x00000000d7300000)
  to   space 512K, 0% used [0x00000000d7300000,0x00000000d7300000,0x00000000d7380000)
 ParOldGen       total 68608K, used 41752K [0x0000000080000000, 0x0000000084300000, 0x00000000d5580000)
  object space 68608K, 60% used [0x0000000080000000,0x00000000828c6048,0x0000000084300000)
 Metaspace       used 61748K, committed 63104K, reserved 1114112K
  class space    used 7524K, committed 8128K, reserved 1048576K
}
Event: 106.855 GC heap after
{Heap after GC invocations=35 (full 3):
 PSYoungGen      total 20992K, used 352K [0x00000000d5580000, 0x00000000d7380000, 0x0000000100000000)
  eden space 20480K, 0% used [0x00000000d5580000,0x00000000d5580000,0x00000000d6980000)
  from space 512K, 68% used [0x00000000d7300000,0x00000000d7358000,0x00000000d7380000)
  to   space 1024K, 0% used [0x00000000d7180000,0x00000000d7180000,0x00000000d7280000)
 ParOldGen       total 68608K, used 42653K [0x0000000080000000, 0x0000000084300000, 0x00000000d5580000)
  object space 68608K, 62% used [0x0000000080000000,0x00000000829a7558,0x0000000084300000)
 Metaspace       used 61748K, committed 63104K, reserved 1114112K
  class space    used 7524K, committed 8128K, reserved 1048576K
}
Event: 107.293 GC heap before
{Heap before GC invocations=36 (full 3):
 PSYoungGen      total 20992K, used 20832K [0x00000000d5580000, 0x00000000d7380000, 0x0000000100000000)
  eden space 20480K, 100% used [0x00000000d5580000,0x00000000d6980000,0x00000000d6980000)
  from space 512K, 68% used [0x00000000d7300000,0x00000000d7358000,0x00000000d7380000)
  to   space 1024K, 0% used [0x00000000d7180000,0x00000000d7180000,0x00000000d7280000)
 ParOldGen       total 68608K, used 42653K [0x0000000080000000, 0x0000000084300000, 0x00000000d5580000)
  object space 68608K, 62% used [0x0000000080000000,0x00000000829a7558,0x0000000084300000)
 Metaspace       used 62765K, committed 64064K, reserved 1114112K
  class space    used 7762K, committed 8320K, reserved 1048576K
}
Event: 107.295 GC heap after
{Heap after GC invocations=36 (full 3):
 PSYoungGen      total 21504K, used 644K [0x00000000d5580000, 0x00000000d7380000, 0x0000000100000000)
  eden space 20480K, 0% used [0x00000000d5580000,0x00000000d5580000,0x00000000d6980000)
  from space 1024K, 62% used [0x00000000d7180000,0x00000000d7221260,0x00000000d7280000)
  to   space 1024K, 0% used [0x00000000d7280000,0x00000000d7280000,0x00000000d7380000)
 ParOldGen       total 68608K, used 42804K [0x0000000080000000, 0x0000000084300000, 0x00000000d5580000)
  object space 68608K, 62% used [0x0000000080000000,0x00000000829cd258,0x0000000084300000)
 Metaspace       used 62765K, committed 64064K, reserved 1114112K
  class space    used 7762K, committed 8320K, reserved 1048576K
}
Event: 107.761 GC heap before
{Heap before GC invocations=37 (full 3):
 PSYoungGen      total 21504K, used 21124K [0x00000000d5580000, 0x00000000d7380000, 0x0000000100000000)
  eden space 20480K, 100% used [0x00000000d5580000,0x00000000d6980000,0x00000000d6980000)
  from space 1024K, 62% used [0x00000000d7180000,0x00000000d7221260,0x00000000d7280000)
  to   space 1024K, 0% used [0x00000000d7280000,0x00000000d7280000,0x00000000d7380000)
 ParOldGen       total 68608K, used 42804K [0x0000000080000000, 0x0000000084300000, 0x00000000d5580000)
  object space 68608K, 62% used [0x0000000080000000,0x00000000829cd258,0x0000000084300000)
 Metaspace       used 63989K, committed 65344K, reserved 1114112K
  class space    used 7997K, committed 8576K, reserved 1048576K
}
Event: 107.766 GC heap after
{Heap after GC invocations=37 (full 3):
 PSYoungGen      total 21504K, used 576K [0x00000000d5580000, 0x00000000d7380000, 0x0000000100000000)
  eden space 20480K, 0% used [0x00000000d5580000,0x00000000d5580000,0x00000000d6980000)
  from space 1024K, 56% used [0x00000000d7280000,0x00000000d7310000,0x00000000d7380000)
  to   space 1024K, 0% used [0x00000000d7180000,0x00000000d7180000,0x00000000d7280000)
 ParOldGen       total 68608K, used 43016K [0x0000000080000000, 0x0000000084300000, 0x00000000d5580000)
  object space 68608K, 62% used [0x0000000080000000,0x0000000082a021d8,0x0000000084300000)
 Metaspace       used 63989K, committed 65344K, reserved 1114112K
  class space    used 7997K, committed 8576K, reserved 1048576K
}
Event: 108.263 GC heap before
{Heap before GC invocations=38 (full 3):
 PSYoungGen      total 21504K, used 21054K [0x00000000d5580000, 0x00000000d7380000, 0x0000000100000000)
  eden space 20480K, 99% used [0x00000000d5580000,0x00000000d697f8b8,0x00000000d6980000)
  from space 1024K, 56% used [0x00000000d7280000,0x00000000d7310000,0x00000000d7380000)
  to   space 1024K, 0% used [0x00000000d7180000,0x00000000d7180000,0x00000000d7280000)
 ParOldGen       total 68608K, used 43016K [0x0000000080000000, 0x0000000084300000, 0x00000000d5580000)
  object space 68608K, 62% used [0x0000000080000000,0x0000000082a021d8,0x0000000084300000)
 Metaspace       used 64246K, committed 65536K, reserved 1114112K
  class space    used 8033K, committed 8576K, reserved 1048576K
}
Event: 108.497 GC heap after
{Heap after GC invocations=38 (full 3):
 PSYoungGen      total 21504K, used 1018K [0x00000000d5580000, 0x00000000d7300000, 0x0000000100000000)
  eden space 20480K, 0% used [0x00000000d5580000,0x00000000d5580000,0x00000000d6980000)
  from space 1024K, 99% used [0x00000000d7180000,0x00000000d727eaa8,0x00000000d7280000)
  to   space 512K, 0% used [0x00000000d7280000,0x00000000d7280000,0x00000000d7300000)
 ParOldGen       total 68608K, used 43463K [0x0000000080000000, 0x0000000084300000, 0x00000000d5580000)
  object space 68608K, 63% used [0x0000000080000000,0x0000000082a71eb8,0x0000000084300000)
 Metaspace       used 64246K, committed 65536K, reserved 1114112K
  class space    used 8033K, committed 8576K, reserved 1048576K
}

